<?xml version="1.0" encoding="UTF-8"?>
<testsuite xmlns:xsi="http://www.w3.org/2001/XMLSchema-instance" xsi:noNamespaceSchemaLocation="https://maven.apache.org/surefire/maven-surefire-plugin/xsd/surefire-test-report.xsd" name="JulianNumberJUnitTest" time="0.031" tests="8" errors="0" skipped="0" failures="0">
  <properties>
[...]
</properties>
  <testcase name="testfromJulianNumberFour" classname="JulianNumberJUnitTest" time="0.015"/>
  <testcase name="testfromJulianNumberThree" classname="JulianNumberJUnitTest" time="0"/>
  <testcase name="testtoJulianNumberFour" classname="JulianNumberJUnitTest" time="0.002"/>
  <testcase name="testtoJulianNumberThree" classname="JulianNumberJUnitTest" time="0.001"/>
  <testcase name="testfromJulianNumberOne" classname="JulianNumberJUnitTest" time="0"/>
  <testcase name="testfromJulianNumberTwo" classname="JulianNumberJUnitTest" time="0.001"/>
  <testcase name="testtoJulianNumberOne" classname="JulianNumberJUnitTest" time="0.001"/>
  <testcase name="testtoJulianNumberTwo" classname="JulianNumberJUnitTest" time="0.001"/>
</testsuite>